#
# There is insufficient memory for the Java Runtime Environment to continue.
# Native memory allocation (malloc) failed to allocate 1187056 bytes for Chunk::new
# Possible reasons:
#   The system is out of physical RAM or swap space
#   The process is running with CompressedOops enabled, and the Java Heap may be blocking the growth of the native heap
# Possible solutions:
#   Reduce memory load on the system
#   Increase physical memory or swap space
#   Check if swap backing store is full
#   Decrease Java heap size (-Xmx/-Xms)
#   Decrease number of Java threads
#   Decrease Java thread stack sizes (-Xss)
#   Set larger code cache with -XX:ReservedCodeCacheSize=
#   JVM is running with Zero Based Compressed Oops mode in which the Java heap is
#     placed in the first 32GB address space. The Java Heap base address is the
#     maximum limit for the native heap growth. Please use -XX:HeapBaseMinAddress
#     to set the Java Heap base and to place the Java Heap above 32GB virtual address.
# This output file may be truncated or incomplete.
#
#  Out of Memory Error (allocation.cpp:389), pid=2232, tid=0x0000000000000648
#
# JRE version: OpenJDK Runtime Environment (8.0_242-b01) (build 1.8.0_242-release-1644-b01)
# Java VM: OpenJDK 64-Bit Server VM (25.242-b01 mixed mode windows-amd64 compressed oops)
# Failed to write core dump. Minidumps are not enabled by default on client versions of Windows
#

---------------  T H R E A D  ---------------

Current thread (0x000000001be4e800):  JavaThread "C2 CompilerThread0" daemon [_thread_in_native, id=1608, stack(0x000000001d820000,0x000000001d920000)]

Stack: [0x000000001d820000,0x000000001d920000]
[error occurred during error reporting (printing stack bounds), id 0xc0000005]

Native frames: (J=compiled Java code, j=interpreted, Vv=VM code, C=native code)


Current CompileTask:
C2:   3894 2898   !   4       org.jetbrains.kotlin.metadata.ProtoBuf$Function::<init> (1112 bytes)


---------------  P R O C E S S  ---------------

Java Threads: ( => current thread )
  0x000000001d2b3800 JavaThread "Service Thread" daemon [_thread_blocked, id=3840, stack(0x000000001db20000,0x000000001dc20000)]
  0x000000001d282800 JavaThread "C1 CompilerThread2" daemon [_thread_blocked, id=7780, stack(0x000000001da20000,0x000000001db20000)]
  0x000000001d22d800 JavaThread "C2 CompilerThread1" daemon [_thread_in_native, id=3848, stack(0x000000001d920000,0x000000001da20000)]
=>0x000000001be4e800 JavaThread "C2 CompilerThread0" daemon [_thread_in_native, id=1608, stack(0x000000001d820000,0x000000001d920000)]
  0x000000001be9e800 JavaThread "Attach Listener" daemon [_thread_blocked, id=7668, stack(0x000000001d720000,0x000000001d820000)]
  0x000000001d228800 JavaThread "Signal Dispatcher" daemon [_thread_blocked, id=9864, stack(0x000000001d620000,0x000000001d720000)]
  0x000000000312d800 JavaThread "Finalizer" daemon [_thread_blocked, id=15092, stack(0x000000001d090000,0x000000001d190000)]
  0x0000000003122800 JavaThread "Reference Handler" daemon [_thread_blocked, id=828, stack(0x000000001cf90000,0x000000001d090000)]
  0x0000000003032800 JavaThread "main" [_thread_in_vm, id=12448, stack(0x0000000002f30000,0x0000000003030000)]

Other Threads:
  0x000000001be05800 VMThread [stack: 0x000000001ce90000,0x000000001cf90000] [id=12544]
  0x000000001d2a2800 WatcherThread [stack: 0x000000001dc20000,0x000000001dd20000] [id=12400]

VM state:not at safepoint (normal execution)

VM Mutex/Monitor currently owned by a thread: None

heap address: 0x00000006d0a00000, size: 3830 MB, Compressed Oops mode: Zero based, Oop shift amount: 3
Narrow klass base: 0x0000000000000000, Narrow klass shift: 3
Compressed class space size: 1073741824 Address: 0x00000007c0000000

Heap:
 PSYoungGen      total 71680K, used 53319K [0x0000000770380000, 0x0000000775380000, 0x00000007c0000000)
  eden space 61440K, 86% used [0x0000000770380000,0x0000000773791c00,0x0000000773f80000)
  from space 10240K, 0% used [0x0000000773f80000,0x0000000773f80000,0x0000000774980000)
  to   space 10240K, 0% used [0x0000000774980000,0x0000000774980000,0x0000000775380000)
 ParOldGen       total 110592K, used 32371K [0x00000006d0a00000, 0x00000006d7600000, 0x0000000770380000)
  object space 110592K, 29% used [0x00000006d0a00000,0x00000006d299cca8,0x00000006d7600000)
 Metaspace       used 39457K, capacity 40070K, committed 40448K, reserved 1087488K
  class space    used 4924K, capacity 5108K, committed 5120K, reserved 1048576K

Card table byte_map: [0x00000000124f0000,0x0000000012c70000] byte_map_base: 0x000000000ee6b000

Marking Bits: (ParMarkBitMap*) 0x000000007734f030
 Begin Bits: [0x0000000013570000, 0x0000000017148000)
 End Bits:   [0x0000000017148000, 0x000000001ad20000)

Polling page: 0x0000000002b30000

CodeCache: size=245760Kb used=10540Kb max_used=10540Kb free=235219Kb
 bounds [0x0000000003130000, 0x0000000003b90000, 0x0000000012130000]
 total_blobs=3460 nmethods=2971 adapters=401
 compilation: enabled

Compilation events (10 events):
Event: 3.865 Thread 0x000000001d282800 3002       2       org.jetbrains.kotlin.load.java.structure.impl.classFiles.AnnotationsAndParameterCollectorMethodVisitor::visitParameterAnnotation (83 bytes)
Event: 3.865 Thread 0x000000001d282800 nmethod 3002 0x0000000003b80150 code [0x0000000003b80320, 0x0000000003b80758]
Event: 3.865 Thread 0x000000001d282800 3003       2       org.jetbrains.kotlin.load.java.structure.impl.classFiles.AnnotationsAndParameterCollectorMethodVisitor::visitAnnotation (33 bytes)
Event: 3.866 Thread 0x000000001d282800 nmethod 3003 0x0000000003b80b90 code [0x0000000003b80d40, 0x0000000003b81088]
Event: 3.866 Thread 0x000000001d282800 3004       2       org.jetbrains.kotlin.com.intellij.openapi.progress.impl.CoreProgressManager::doCheckCanceled (43 bytes)
Event: 3.866 Thread 0x000000001d282800 nmethod 3004 0x0000000003b813d0 code [0x0000000003b81580, 0x0000000003b818f8]
Event: 3.866 Thread 0x000000001d282800 3005       2       org.jetbrains.kotlin.descriptors.impl.AbstractClassDescriptor::getName (13 bytes)
Event: 3.866 Thread 0x000000001d282800 nmethod 3005 0x0000000003b81b90 code [0x0000000003b81d00, 0x0000000003b81e88]
Event: 3.866 Thread 0x000000001d282800 3001       1       kotlin.sequences.FilteringSequence::access$getSequence$p (5 bytes)
Event: 3.866 Thread 0x000000001d282800 nmethod 3001 0x0000000003b81f10 code [0x0000000003b82060, 0x0000000003b82150]

GC Heap History (10 events):
Event: 2.454 GC heap before
{Heap before GC invocations=4 (full 1):
 PSYoungGen      total 71680K, used 61440K [0x0000000770380000, 0x0000000775380000, 0x00000007c0000000)
  eden space 61440K, 100% used [0x0000000770380000,0x0000000773f80000,0x0000000773f80000)
  from space 10240K, 0% used [0x0000000774980000,0x0000000774980000,0x0000000775380000)
  to   space 10240K, 0% used [0x0000000773f80000,0x0000000773f80000,0x0000000774980000)
 ParOldGen       total 110592K, used 14870K [0x00000006d0a00000, 0x00000006d7600000, 0x0000000770380000)
  object space 110592K, 13% used [0x00000006d0a00000,0x00000006d1885a08,0x00000006d7600000)
 Metaspace       used 27928K, capacity 28516K, committed 28672K, reserved 1075200K
  class space    used 3540K, capacity 3730K, committed 3840K, reserved 1048576K
Event: 2.463 GC heap after
Heap after GC invocations=4 (full 1):
 PSYoungGen      total 71680K, used 10239K [0x0000000770380000, 0x0000000775380000, 0x00000007c0000000)
  eden space 61440K, 0% used [0x0000000770380000,0x0000000770380000,0x0000000773f80000)
  from space 10240K, 99% used [0x0000000773f80000,0x000000077497ff30,0x0000000774980000)
  to   space 10240K, 0% used [0x0000000774980000,0x0000000774980000,0x0000000775380000)
 ParOldGen       total 110592K, used 23402K [0x00000006d0a00000, 0x00000006d7600000, 0x0000000770380000)
  object space 110592K, 21% used [0x00000006d0a00000,0x00000006d20daa70,0x00000006d7600000)
 Metaspace       used 27928K, capacity 28516K, committed 28672K, reserved 1075200K
  class space    used 3540K, capacity 3730K, committed 3840K, reserved 1048576K
}
Event: 2.732 GC heap before
{Heap before GC invocations=5 (full 1):
 PSYoungGen      total 71680K, used 39319K [0x0000000770380000, 0x0000000775380000, 0x00000007c0000000)
  eden space 61440K, 47% used [0x0000000770380000,0x0000000771fe5d38,0x0000000773f80000)
  from space 10240K, 99% used [0x0000000773f80000,0x000000077497ff30,0x0000000774980000)
  to   space 10240K, 0% used [0x0000000774980000,0x0000000774980000,0x0000000775380000)
 ParOldGen       total 110592K, used 23402K [0x00000006d0a00000, 0x00000006d7600000, 0x0000000770380000)
  object space 110592K, 21% used [0x00000006d0a00000,0x00000006d20daa70,0x00000006d7600000)
 Metaspace       used 31723K, capacity 32204K, committed 32384K, reserved 1079296K
  class space    used 3950K, capacity 4120K, committed 4224K, reserved 1048576K
Event: 2.740 GC heap after
Heap after GC invocations=5 (full 1):
 PSYoungGen      total 71680K, used 10239K [0x0000000770380000, 0x0000000775380000, 0x00000007c0000000)
  eden space 61440K, 0% used [0x0000000770380000,0x0000000770380000,0x0000000773f80000)
  from space 10240K, 99% used [0x0000000774980000,0x000000077537ff20,0x0000000775380000)
  to   space 10240K, 0% used [0x0000000773f80000,0x0000000773f80000,0x0000000774980000)
 ParOldGen       total 110592K, used 30570K [0x00000006d0a00000, 0x00000006d7600000, 0x0000000770380000)
  object space 110592K, 27% used [0x00000006d0a00000,0x00000006d27da980,0x00000006d7600000)
 Metaspace       used 31723K, capacity 32204K, committed 32384K, reserved 1079296K
  class space    used 3950K, capacity 4120K, committed 4224K, reserved 1048576K
}
Event: 2.740 GC heap before
{Heap before GC invocations=6 (full 2):
 PSYoungGen      total 71680K, used 10239K [0x0000000770380000, 0x0000000775380000, 0x00000007c0000000)
  eden space 61440K, 0% used [0x0000000770380000,0x0000000770380000,0x0000000773f80000)
  from space 10240K, 99% used [0x0000000774980000,0x000000077537ff20,0x0000000775380000)
  to   space 10240K, 0% used [0x0000000773f80000,0x0000000773f80000,0x0000000774980000)
 ParOldGen       total 110592K, used 30570K [0x00000006d0a00000, 0x00000006d7600000, 0x0000000770380000)
  object space 110592K, 27% used [0x00000006d0a00000,0x00000006d27da980,0x00000006d7600000)
 Metaspace       used 31723K, capacity 32204K, committed 32384K, reserved 1079296K
  class space    used 3950K, capacity 4120K, committed 4224K, reserved 1048576K
Event: 2.811 GC heap after
Heap after GC invocations=6 (full 2):
 PSYoungGen      total 71680K, used 0K [0x0000000770380000, 0x0000000775380000, 0x00000007c0000000)
  eden space 61440K, 0% used [0x0000000770380000,0x0000000770380000,0x0000000773f80000)
  from space 10240K, 0% used [0x0000000774980000,0x0000000774980000,0x0000000775380000)
  to   space 10240K, 0% used [0x0000000773f80000,0x0000000773f80000,0x0000000774980000)
 ParOldGen       total 110592K, used 31135K [0x00000006d0a00000, 0x00000006d7600000, 0x0000000770380000)
  object space 110592K, 28% used [0x00000006d0a00000,0x00000006d2867fc8,0x00000006d7600000)
 Metaspace       used 31723K, capacity 32204K, committed 32384K, reserved 1079296K
  class space    used 3950K, capacity 4120K, committed 4224K, reserved 1048576K
}
Event: 3.125 GC heap before
{Heap before GC invocations=7 (full 2):
 PSYoungGen      total 71680K, used 24685K [0x0000000770380000, 0x0000000775380000, 0x00000007c0000000)
  eden space 61440K, 40% used [0x0000000770380000,0x0000000771b9b768,0x0000000773f80000)
  from space 10240K, 0% used [0x0000000774980000,0x0000000774980000,0x0000000775380000)
  to   space 10240K, 0% used [0x0000000773f80000,0x0000000773f80000,0x0000000774980000)
 ParOldGen       total 110592K, used 31135K [0x00000006d0a00000, 0x00000006d7600000, 0x0000000770380000)
  object space 110592K, 28% used [0x00000006d0a00000,0x00000006d2867fc8,0x00000006d7600000)
 Metaspace       used 35725K, capacity 36288K, committed 36480K, reserved 1087488K
  class space    used 4507K, capacity 4668K, committed 4736K, reserved 1048576K
Event: 3.128 GC heap after
Heap after GC invocations=7 (full 2):
 PSYoungGen      total 71680K, used 6203K [0x0000000770380000, 0x0000000775380000, 0x00000007c0000000)
  eden space 61440K, 0% used [0x0000000770380000,0x0000000770380000,0x0000000773f80000)
  from space 10240K, 60% used [0x0000000773f80000,0x000000077458ecf0,0x0000000774980000)
  to   space 10240K, 0% used [0x0000000774980000,0x0000000774980000,0x0000000775380000)
 ParOldGen       total 110592K, used 31143K [0x00000006d0a00000, 0x00000006d7600000, 0x0000000770380000)
  object space 110592K, 28% used [0x00000006d0a00000,0x00000006d2869fc8,0x00000006d7600000)
 Metaspace       used 35725K, capacity 36288K, committed 36480K, reserved 1087488K
  class space    used 4507K, capacity 4668K, committed 4736K, reserved 1048576K
}
Event: 3.128 GC heap before
{Heap before GC invocations=8 (full 3):
 PSYoungGen      total 71680K, used 6203K [0x0000000770380000, 0x0000000775380000, 0x00000007c0000000)
  eden space 61440K, 0% used [0x0000000770380000,0x0000000770380000,0x0000000773f80000)
  from space 10240K, 60% used [0x0000000773f80000,0x000000077458ecf0,0x0000000774980000)
  to   space 10240K, 0% used [0x0000000774980000,0x0000000774980000,0x0000000775380000)
 ParOldGen       total 110592K, used 31143K [0x00000006d0a00000, 0x00000006d7600000, 0x0000000770380000)
  object space 110592K, 28% used [0x00000006d0a00000,0x00000006d2869fc8,0x00000006d7600000)
 Metaspace       used 35725K, capacity 36288K, committed 36480K, reserved 1087488K
  class space    used 4507K, capacity 4668K, committed 4736K, reserved 1048576K
Event: 3.215 GC heap after
Heap after GC invocations=8 (full 3):
 PSYoungGen      total 71680K, used 0K [0x0000000770380000, 0x0000000775380000, 0x00000007c0000000)
  eden space 61440K, 0% used [0x0000000770380000,0x0000000770380000,0x0000000773f80000)
  from space 10240K, 0% used [0x0000000773f80000,0x0000000773f80000,0x0000000774980000)
  to   space 10240K, 0% used [0x0000000774980000,0x0000000774980000,0x0000000775380000)
 ParOldGen       total 110592K, used 32371K [0x00000006d0a00000, 0x00000006d7600000, 0x0000000770380000)
  object space 110592K, 29% used [0x00000006d0a00000,0x00000006d299cca8,0x00000006d7600000)
 Metaspace       used 35725K, capacity 36288K, committed 36480K, reserved 1085440K
  class space    used 4507K, capacity 4668K, committed 4736K, reserved 1048576K
}

Deoptimization events (10 events):
Event: 3.484 Thread 0x0000000003032800 Uncommon trap: reason=bimorphic action=maybe_recompile pc=0x00000000037eae0c method=org.jetbrains.kotlin.protobuf.CodedInputStream.tryRefillBuffer(I)Z @ 177
Event: 3.486 Thread 0x0000000003032800 Uncommon trap: reason=class_check action=maybe_recompile pc=0x000000000395a758 method=gnu.trove.TObjectHash.index(Ljava/lang/Object;)I @ 126
Event: 3.486 Thread 0x0000000003032800 Uncommon trap: reason=class_check action=maybe_recompile pc=0x000000000395a758 method=gnu.trove.TObjectHash.index(Ljava/lang/Object;)I @ 126
Event: 3.489 Thread 0x0000000003032800 Uncommon trap: reason=unstable_if action=reinterpret pc=0x00000000039ca3a4 method=org.jetbrains.org.objectweb.asm.ClassReader.readUtf(II[C)Ljava/lang/String; @ 41
Event: 3.491 Thread 0x0000000003032800 Uncommon trap: reason=unstable_if action=reinterpret pc=0x00000000039de8a0 method=org.jetbrains.org.objectweb.asm.ClassReader.readUtf(II[C)Ljava/lang/String; @ 41
Event: 3.491 Thread 0x0000000003032800 Uncommon trap: reason=unstable_if action=reinterpret pc=0x00000000039345b0 method=org.jetbrains.org.objectweb.asm.ClassReader.readUtf(II[C)Ljava/lang/String; @ 41
Event: 3.507 Thread 0x0000000003032800 Uncommon trap: reason=bimorphic action=maybe_recompile pc=0x00000000037eae0c method=org.jetbrains.kotlin.protobuf.CodedInputStream.tryRefillBuffer(I)Z @ 177
Event: 3.510 Thread 0x0000000003032800 Uncommon trap: reason=bimorphic action=maybe_recompile pc=0x00000000037eae0c method=org.jetbrains.kotlin.protobuf.CodedInputStream.tryRefillBuffer(I)Z @ 177
Event: 3.538 Thread 0x0000000003032800 Uncommon trap: reason=class_check action=maybe_recompile pc=0x000000000395a758 method=gnu.trove.TObjectHash.index(Ljava/lang/Object;)I @ 126
Event: 3.538 Thread 0x0000000003032800 Uncommon trap: reason=class_check action=maybe_recompile pc=0x000000000395a758 method=gnu.trove.TObjectHash.index(Ljava/lang/Object;)I @ 126

Classes redefined (0 events):
No events

Internal exceptions (10 events):
Event: 1.769 Thread 0x0000000003032800 Implicit null exception at 0x0000000003654cd7 to 0x0000000003654e4e
Event: 1.829 Thread 0x0000000003032800 Exception <a 'java/lang/NoSuchMethodError': java.lang.Object.lambda$static$0(I)[Lorg/jetbrains/kotlin/com/intellij/openapi/editor/event/DocumentListener;> (0x0000000770ffcc90) thrown at [C:\src\AOSP-openjdk-git\hotspot\src\share\vm\interpreter\linkResolve
Event: 1.859 Thread 0x0000000003032800 Exception <a 'java/lang/NoSuchMethodError': java.lang.Object.lambda$static$0(I)[Lorg/jetbrains/kotlin/com/intellij/psi/PsiAnnotation;> (0x00000007712351c8) thrown at [C:\src\AOSP-openjdk-git\hotspot\src\share\vm\interpreter\linkResolver.cpp, line 620]
Event: 1.951 Thread 0x0000000003032800 Exception <a 'java/lang/NoSuchMethodError': java.lang.Object.lambda$static$0(I)[Lorg/jetbrains/kotlin/com/intellij/psi/PsiElement;> (0x0000000771870fe8) thrown at [C:\src\AOSP-openjdk-git\hotspot\src\share\vm\interpreter\linkResolver.cpp, line 620]
Event: 1.992 Thread 0x0000000003032800 Exception <a 'java/lang/NoSuchMethodError': java.lang.Object.lambda$comparing$77a9974f$1(Ljava/util/function/Function;Ljava/lang/Object;Ljava/lang/Object;)I> (0x0000000771a4c680) thrown at [C:\src\AOSP-openjdk-git\hotspot\src\share\vm\interpreter\linkReso
Event: 2.602 Thread 0x0000000003032800 Exception <a 'java/lang/ArrayIndexOutOfBoundsException': 126> (0x00000007711a2b20) thrown at [C:\src\AOSP-openjdk-git\hotspot\src\share\vm\interpreter\interpreterRuntime.cpp, line 368]
Event: 2.602 Thread 0x0000000003032800 Exception <a 'java/lang/ArrayIndexOutOfBoundsException': 86> (0x00000007711a3fa8) thrown at [C:\src\AOSP-openjdk-git\hotspot\src\share\vm\interpreter\interpreterRuntime.cpp, line 368]
Event: 3.237 Thread 0x0000000003032800 Exception <a 'java/lang/NoSuchMethodError': java.lang.Object.lambda$static$0(I)[Lorg/jetbrains/kotlin/psi/KtExpression;> (0x00000007704806e0) thrown at [C:\src\AOSP-openjdk-git\hotspot\src\share\vm\interpreter\linkResolver.cpp, line 620]
Event: 3.272 Thread 0x0000000003032800 Exception <a 'java/lang/NoSuchMethodError': java.lang.Object.lambda$static$0(I)[Lorg/jetbrains/kotlin/psi/KtDeclaration;> (0x0000000770768d20) thrown at [C:\src\AOSP-openjdk-git\hotspot\src\share\vm\interpreter\linkResolver.cpp, line 620]
Event: 3.294 Thread 0x0000000003032800 Exception <a 'java/lang/NoSuchMethodError': java.lang.Object.lambda$static$0(I)[Lorg/jetbrains/kotlin/psi/KtTypeElement;> (0x00000007708e5f40) thrown at [C:\src\AOSP-openjdk-git\hotspot\src\share\vm\interpreter\linkResolver.cpp, line 620]

Events (10 events):
Event: 3.858 loading class org/jetbrains/kotlin/resolve/scopes/LexicalWritableScope$Snapshot
Event: 3.858 loading class org/jetbrains/kotlin/resolve/scopes/LexicalWritableScope$Snapshot done
Event: 3.860 Executing VM operation: ForceSafepoint
Event: 3.860 Executing VM operation: ForceSafepoint done
Event: 3.860 loading class org/jetbrains/kotlin/descriptors/annotations/AnnotationsKt
Event: 3.860 loading class org/jetbrains/kotlin/descriptors/annotations/AnnotationsKt done
Event: 3.860 loading class org/jetbrains/kotlin/resolve/scopes/MemberScope$DefaultImpls
Event: 3.860 loading class org/jetbrains/kotlin/resolve/scopes/MemberScope$DefaultImpls done
Event: 3.865 loading class org/jetbrains/kotlin/types/typeUtil/TypeUtilsKt$containsTypeAliasParameters$1
Event: 3.865 loading class org/jetbrains/kotlin/types/typeUtil/TypeUtilsKt$containsTypeAliasParameters$1 done


Dynamic libraries:
0x00007ff7c7f00000 - 0x00007ff7c7f31000 	C:\Program Files\Android\Android Studio\jre\jre\bin\java.exe
0x00007ffd15530000 - 0x00007ffd15725000 	C:\WINDOWS\SYSTEM32\ntdll.dll
0x00007ffd138a0000 - 0x00007ffd1395d000 	C:\WINDOWS\System32\KERNEL32.DLL
0x00007ffd12d50000 - 0x00007ffd13018000 	C:\WINDOWS\System32\KERNELBASE.dll
0x00007ffd14190000 - 0x00007ffd1423c000 	C:\WINDOWS\System32\ADVAPI32.dll
0x00007ffd13730000 - 0x00007ffd137ce000 	C:\WINDOWS\System32\msvcrt.dll
0x00007ffd15420000 - 0x00007ffd154bb000 	C:\WINDOWS\System32\sechost.dll
0x00007ffd13d50000 - 0x00007ffd13e7b000 	C:\WINDOWS\System32\RPCRT4.dll
0x00007ffd13590000 - 0x00007ffd13730000 	C:\WINDOWS\System32\USER32.dll
0x00007ffd13310000 - 0x00007ffd13332000 	C:\WINDOWS\System32\win32u.dll
0x00007ffd153f0000 - 0x00007ffd1541a000 	C:\WINDOWS\System32\GDI32.dll
0x00007ffd13050000 - 0x00007ffd1315b000 	C:\WINDOWS\System32\gdi32full.dll
0x00007ffd13340000 - 0x00007ffd133dd000 	C:\WINDOWS\System32\msvcp_win.dll
0x00007ffd133e0000 - 0x00007ffd134e0000 	C:\WINDOWS\System32\ucrtbase.dll
0x00007ffcfc0c0000 - 0x00007ffcfc35a000 	C:\WINDOWS\WinSxS\amd64_microsoft.windows.common-controls_6595b64144ccf1df_6.0.19041.844_none_ca00b6081b84eb1d\COMCTL32.dll
0x00007ffd154c0000 - 0x00007ffd154f0000 	C:\WINDOWS\System32\IMM32.DLL
0x00000000501d0000 - 0x00000000502a2000 	C:\Program Files\Android\Android Studio\jre\jre\bin\msvcr100.dll
0x0000000076b80000 - 0x00000000773cb000 	C:\Program Files\Android\Android Studio\jre\jre\bin\server\jvm.dll
0x00007ffd14180000 - 0x00007ffd14188000 	C:\WINDOWS\System32\PSAPI.DLL
0x00007ffd104c0000 - 0x00007ffd104c9000 	C:\WINDOWS\SYSTEM32\WSOCK32.dll
0x00007ffd14af0000 - 0x00007ffd14b5b000 	C:\WINDOWS\System32\WS2_32.dll
0x00007ffd0b510000 - 0x00007ffd0b51a000 	C:\WINDOWS\SYSTEM32\VERSION.dll
0x00007ffd02230000 - 0x00007ffd02257000 	C:\WINDOWS\SYSTEM32\WINMM.dll
0x00007ffd0e910000 - 0x00007ffd0e91f000 	C:\Program Files\Android\Android Studio\jre\jre\bin\verify.dll
0x00007ffd0e2f0000 - 0x00007ffd0e319000 	C:\Program Files\Android\Android Studio\jre\jre\bin\java.dll
0x00007ffd0d810000 - 0x00007ffd0d826000 	C:\Program Files\Android\Android Studio\jre\jre\bin\zip.dll
0x00007ffd14b60000 - 0x00007ffd152a2000 	C:\WINDOWS\System32\SHELL32.dll
0x00007ffd10de0000 - 0x00007ffd11570000 	C:\WINDOWS\SYSTEM32\windows.storage.dll
0x00007ffd14780000 - 0x00007ffd14ad5000 	C:\WINDOWS\System32\combase.dll
0x00007ffd12610000 - 0x00007ffd1263c000 	C:\WINDOWS\SYSTEM32\Wldp.dll
0x00007ffd14240000 - 0x00007ffd142ee000 	C:\WINDOWS\System32\SHCORE.dll
0x00007ffd139d0000 - 0x00007ffd13a25000 	C:\WINDOWS\System32\shlwapi.dll
0x00007ffd12bb0000 - 0x00007ffd12bcf000 	C:\WINDOWS\SYSTEM32\profapi.dll
0x00007ffd0c930000 - 0x00007ffd0c94a000 	C:\Program Files\Android\Android Studio\jre\jre\bin\net.dll
0x00007ffd12380000 - 0x00007ffd123ea000 	C:\WINDOWS\system32\mswsock.dll
0x00007ffd0c110000 - 0x00007ffd0c123000 	C:\Program Files\Android\Android Studio\jre\jre\bin\nio.dll

VM Arguments:
java_command: org.jetbrains.kotlin.cli.jvm.K2JVMCompiler @C:\Users\--\AndroidStudioProjects\wadizu\app\build\20210521_8894681019730379350.compiler.options
java_class_path (initial): C:\Users\--\.gradle\caches\modules-2\files-2.1\org.jetbrains.kotlin\kotlin-compiler-embeddable\1.4.32\b4fc9be460ca88eecea2303e142ce2920bd14775\kotlin-compiler-embeddable-1.4.32.jar;C:\Users\--\.gradle\caches\modules-2\files-2.1\org.jetbrains.kotlin\kotlin-reflect\1.4.32\ce852b166d97f0f1991b5130c2bb02e2ef6c554e\kotlin-reflect-1.4.32.jar;C:\Users\--\.gradle\caches\modules-2\files-2.1\org.jetbrains.kotlin\kotlin-stdlib\1.4.32\461367948840adbb0839c51d91ed74ef4a9ccb52\kotlin-stdlib-1.4.32.jar;C:\Users\--\.gradle\caches\modules-2\files-2.1\org.jetbrains.kotlin\kotlin-script-runtime\1.4.32\bac50b0748be017dbc13fc1cb7231b1c9da0e106\kotlin-script-runtime-1.4.32.jar;C:\Users\--\.gradle\caches\modules-2\files-2.1\org.jetbrains.kotlin\kotlin-daemon-embeddable\1.4.32\b40c5de5adea26ebb4e5fc36945c482ac20acee2\kotlin-daemon-embeddable-1.4.32.jar;C:\Users\--\.gradle\caches\modules-2\files-2.1\org.jetbrains.intellij.deps\trove4j\1.0.20181211\216c2e14b070f334479d800987affe4054cd563f\trove4j-1.0.20181211.jar;C:\Users\--\.gradle\caches\modules-2\files-2.1\org.jetbrains.kotlin\kotlin-stdlib-common\1.4.32\ef50bfa2c0491a11dcc35d9822edbfd6170e1ea2\kotlin-stdlib-common-1.4.32.jar;C:\Users\--\.gradle\caches\modules-2\files-2.1\org.jetbrains\annotations\13.0\919f0dfe192fb4e063e7dacadee7f8bb9a2672a9\annotations-13.0.jar;C:\Program Files\Android\Android Studio\jre\lib\tools.jar
Launcher Type: SUN_STANDARD

Environment Variables:
JAVA_HOME=C:\Program Files\Java\jdk1.8.0_281
PATH=C:\Program Files (x86)\Common Files\Oracle\Java\javapath;C:\ProgramData\Anaconda3;C:\ProgramData\Anaconda3\Library\mingw-w64\bin;C:\ProgramData\Anaconda3\Library\usr\bin;C:\ProgramData\Anaconda3\Library\bin;C:\ProgramData\Anaconda3\Scripts;C:\Windows\system32;C:\Windows;C:\Windows\System32\Wbem;C:\Windows\System32\WindowsPowerShell\v1.0\;C:\Windows\System32\OpenSSH\;C:\Program Files (x86)\NVIDIA Corporation\PhysX\Common;C:\Program Files\NVIDIA Corporation\NVIDIA NvDLISR;C:\Program Files\nodejs\;C:\WINDOWS\system32;C:\WINDOWS;C:\WINDOWS\System32\Wbem;C:\WINDOWS\System32\WindowsPowerShell\v1.0\;C:\WINDOWS\System32\OpenSSH\;C:\Program Files\Git\cmd;C:\Program Files\MySQL\MySQL Server 8.0\bin;C:\Users\--\AppData\Local\Microsoft\WindowsApps;C:\Users\--\AppData\Local\GitHubDesktop\bin;C:\Users\--\AppData\Local\Programs\Microsoft VS Code\bin;C:\Program Files\Java\jdk1.8.0_281\bin;%ANDROID_HOME\tools;%ANDROID_HOME\tools\bin;%ANDROID_HOME\platform-tools;C:\Users\--\AppData\Roaming\npm;C:\Users\--\.gradle\wrapper\dists\gradle-6.5-bin\6nifqtx7604sqp1q6g8wikw7p\gradle-6.5\bin;C:\Windows\System32;C:\Users\--\AppData\Local\Android\Sdk\platform-tools;C:\Users\--\AppData\Local\Android\Sdk\tools;
USERNAME=--
OS=Windows_NT
PROCESSOR_IDENTIFIER=Intel64 Family 6 Model 158 Stepping 9, GenuineIntel



---------------  S Y S T E M  ---------------

OS: Windows 10.0 , 64 bit Build 19041 (10.0.19041.928)

CPU:total 4 (initial active 4) (4 cores per cpu, 1 threads per core) family 6 model 158 stepping 9, cmov, cx8, fxsr, mmx, sse, sse2, sse3, ssse3, sse4.1, sse4.2, popcnt, avx, avx2, aes, clmul, erms, rtm, 3dnowpref, lzcnt, tsc, tscinvbit, bmi1, bmi2, adx

Memory: 4k page, physical 15684364k(4122728k free), swap 15684364k(5284k free)

vm_info: OpenJDK 64-Bit Server VM (25.242-b01) for windows-amd64 JRE (1.8.0_242-release-1644-b01), built by "builder" with MS VC++ 10.0 (VS2010)

time: Fri May 21 12:49:03 2021
timezone: 대한민국 표준시
elapsed time: 3 seconds (0d 0h 0m 3s)

